g:\06code\newworld20171021\a_game\firststep\firststep\x64\debug\vc140.pdb
g:\06code\newworld20171021\a_game\firststep\firststep\x64\debug\vc140.idb
g:\06code\newworld20171021\a_game\firststep\firststep\x64\debug\event.obj
g:\06code\newworld20171021\a_game\firststep\firststep\x64\debug\eventmanager.obj
g:\06code\newworld20171021\a_game\firststep\firststep\x64\debug\events.obj
g:\06code\newworld20171021\a_game\firststep\firststep\x64\debug\firststep.obj
g:\06code\newworld20171021\a_game\firststep\firststep\x64\debug\player.obj
g:\06code\newworld20171021\a_game\firststep\firststep\x64\debug\shopevent.obj
g:\06code\newworld20171021\a_game\firststep\firststep\x64\debug\stdafx.obj
g:\06code\newworld20171021\a_game\firststep\firststep\x64\debug\systemshop.obj
g:\06code\newworld20171021\a_game\firststep\firststep\x64\debug\system.obj
g:\06code\newworld20171021\a_game\firststep\x64\debug\firststep.ilk
g:\06code\newworld20171021\a_game\firststep\x64\debug\firststep.exe
g:\06code\newworld20171021\a_game\firststep\x64\debug\firststep.pdb
g:\06code\newworld20171021\a_game\firststep\firststep\x64\debug\firststep.tlog\cl.command.1.tlog
g:\06code\newworld20171021\a_game\firststep\firststep\x64\debug\firststep.tlog\cl.read.1.tlog
g:\06code\newworld20171021\a_game\firststep\firststep\x64\debug\firststep.tlog\cl.write.1.tlog
g:\06code\newworld20171021\a_game\firststep\firststep\x64\debug\firststep.tlog\link.command.1.tlog
g:\06code\newworld20171021\a_game\firststep\firststep\x64\debug\firststep.tlog\link.read.1.tlog
g:\06code\newworld20171021\a_game\firststep\firststep\x64\debug\firststep.tlog\link.write.1.tlog
